<?xml version="1.0" encoding="UTF-8"?>
<testng-results skipped="0" failed="0" ignored="0" total="1" passed="1">
  <reporter-output>
  </reporter-output>
  <suite name="Shopping Site" duration-ms="37410" started-at="2020-07-30T12:58:45Z" finished-at="2020-07-30T12:59:22Z">
    <groups>
    </groups>
    <test name="LoginToEcommerceShopping" duration-ms="37410" started-at="2020-07-30T12:58:45Z" finished-at="2020-07-30T12:59:22Z">
      <class name="test.automation.loginToBuy.loginToApplication">
        <test-method status="PASS" signature="LaunchBrowser()[pri:0, instance:test.automation.loginToBuy.loginToApplication@3f200884]" name="LaunchBrowser" is-config="true" duration-ms="2972" started-at="2020-07-30T18:28:45Z" finished-at="2020-07-30T18:28:48Z">
          <reporter-output>
          </reporter-output>
        </test-method> <!-- LaunchBrowser -->
        <test-method status="PASS" signature="setUP()[pri:0, instance:test.automation.loginToBuy.loginToApplication@3f200884]" name="setUP" is-config="true" duration-ms="8186" started-at="2020-07-30T18:28:48Z" finished-at="2020-07-30T18:28:56Z">
          <reporter-output>
          </reporter-output>
        </test-method> <!-- setUP -->
        <test-method status="PASS" signature="beforeMethod(java.lang.reflect.Method)[pri:0, instance:test.automation.loginToBuy.loginToApplication@3f200884]" name="beforeMethod" is-config="true" duration-ms="6" started-at="2020-07-30T18:28:56Z" finished-at="2020-07-30T18:28:56Z">
          <params>
            <param index="0">
              <value>
                <![CDATA[public void test.automation.loginToBuy.loginToApplication.VerifyShoppingSite() throws java.lang.InterruptedException,java.io.IOException]]>
              </value>
            </param>
          </params>
          <reporter-output>
          </reporter-output>
        </test-method> <!-- beforeMethod -->
        <test-method status="PASS" signature="VerifyShoppingSite()[pri:0, instance:test.automation.loginToBuy.loginToApplication@3f200884]" name="VerifyShoppingSite" duration-ms="24793" started-at="2020-07-30T18:28:56Z" finished-at="2020-07-30T18:29:21Z">
          <reporter-output>
          </reporter-output>
        </test-method> <!-- VerifyShoppingSite -->
        <test-method status="PASS" signature="endTest()[pri:0, instance:test.automation.loginToBuy.loginToApplication@3f200884]" name="endTest" is-config="true" duration-ms="1428" started-at="2020-07-30T18:29:21Z" finished-at="2020-07-30T18:29:22Z">
          <reporter-output>
          </reporter-output>
        </test-method> <!-- endTest -->
      </class> <!-- test.automation.loginToBuy.loginToApplication -->
    </test> <!-- LoginToEcommerceShopping -->
  </suite> <!-- Shopping Site -->
</testng-results>
